
/home/runner/work/exp-remote-monitoring-dei/exp-remote-monitoring-dei/experiment/simulation/script.js
    2:7   warning  'chartConfig' is assigned a value but never used   no-unused-vars
   53:18  warning  'am5' is not defined                               no-undef
   54:21  warning  'am5themes_Animated' is not defined                no-undef
   56:48  warning  'am5xy' is not defined                             no-undef
   64:36  warning  'am5xy' is not defined                             no-undef
   73:19  warning  'am5xy' is not defined                             no-undef
   77:18  warning  'am5' is not defined                               no-undef
   80:36  warning  'am5xy' is not defined                             no-undef
   81:19  warning  'am5xy' is not defined                             no-undef
   84:38  warning  'am5xy' is not defined                             no-undef
   91:18  warning  'am5' is not defined                               no-undef
   99:17  warning  'am5' is not defined                               no-undef
  103:16  warning  'am5' is not defined                               no-undef
  105:21  warning  'am5' is not defined                               no-undef
  107:23  warning  'am5' is not defined                               no-undef
  112:40  warning  'am5xy' is not defined                             no-undef
  123:1   warning  'am5' is not defined                               no-undef
  136:7   warning  'sensorStates' is assigned a value but never used  no-unused-vars
  204:10  warning  'updateSensorCardState' is defined but never used  no-unused-vars

✖ 19 problems (0 errors, 19 warnings)

